<?xml version="1.0" encoding="UTF-8"?>
<testng-results ignored="7" total="9" passed="2" failed="0" skipped="0">
  <reporter-output>
  </reporter-output>
  <suite started-at="2025-05-11T09:25:06 IST" name="MasterSuite" finished-at="2025-05-11T09:25:33 IST" duration-ms="27018">
    <groups>
      <group name="Sanity">
        <method signature="AccountCreationTest.createAccount()[pri:0, instance:com.mystore.testCases.AccountCreationTest@4c178a76]" name="createAccount" class="com.mystore.testCases.AccountCreationTest"/>
        <method signature="LoginPageTest.loginTest()[pri:0, instance:com.mystore.testCases.LoginPageTest@2362f559]" name="loginTest" class="com.mystore.testCases.LoginPageTest"/>
      </group> <!-- Sanity -->
      <group name="Smoke">
        <method signature="LoginPageTest.loginTest()[pri:0, instance:com.mystore.testCases.LoginPageTest@2362f559]" name="loginTest" class="com.mystore.testCases.LoginPageTest"/>
      </group> <!-- Smoke -->
    </groups>
    <test started-at="2025-05-11T09:25:06 IST" name="Test" finished-at="2025-05-11T09:25:33 IST" duration-ms="27018">
      <class name="com.mystore.testCases.LoginPageTest">
        <test-method is-config="true" signature="setupConfig(java.lang.String,java.lang.String)[pri:0, instance:com.mystore.testCases.LoginPageTest@2362f559]" started-at="2025-05-11T09:25:06 IST" name="setupConfig" finished-at="2025-05-11T09:25:13 IST" duration-ms="6381" status="PASS">
          <params>
            <param index="0">
              <value>
                <![CDATA[winodws]]>
              </value>
            </param>
            <param index="1">
              <value>
                <![CDATA[chrome]]>
              </value>
            </param>
          </params>
          <reporter-output>
          </reporter-output>
        </test-method> <!-- setupConfig -->
        <test-method signature="loginTest()[pri:0, instance:com.mystore.testCases.LoginPageTest@2362f559]" started-at="2025-05-11T09:25:13 IST" name="loginTest" finished-at="2025-05-11T09:25:21 IST" duration-ms="7949" status="PASS">
          <reporter-output>
          </reporter-output>
        </test-method> <!-- loginTest -->
      </class> <!-- com.mystore.testCases.LoginPageTest -->
      <class name="com.mystore.testCases.AccountCreationTest">
        <test-method is-config="true" signature="setupConfig(java.lang.String,java.lang.String)[pri:0, instance:com.mystore.testCases.AccountCreationTest@4c178a76]" started-at="2025-05-11T09:25:21 IST" name="setupConfig" finished-at="2025-05-11T09:25:24 IST" duration-ms="3263" status="PASS">
          <params>
            <param index="0">
              <value>
                <![CDATA[winodws]]>
              </value>
            </param>
            <param index="1">
              <value>
                <![CDATA[chrome]]>
              </value>
            </param>
          </params>
          <reporter-output>
          </reporter-output>
        </test-method> <!-- setupConfig -->
        <test-method signature="createAccount()[pri:0, instance:com.mystore.testCases.AccountCreationTest@4c178a76]" started-at="2025-05-11T09:25:24 IST" name="createAccount" finished-at="2025-05-11T09:25:33 IST" duration-ms="9027" status="PASS">
          <reporter-output>
          </reporter-output>
        </test-method> <!-- createAccount -->
      </class> <!-- com.mystore.testCases.AccountCreationTest -->
    </test> <!-- Test -->
  </suite> <!-- MasterSuite -->
</testng-results>
