<?xml version="1.0" encoding="UTF-8"?>
<!-- Generated by org.testng.reporters.JUnitXMLReporter -->
<testsuite ignored="3" hostname="DESKTOP-E3B8LTJ" failures="0" tests="5" name="Test" time="71.128" errors="0" timestamp="2025-05-11T09:27:48 IST">
  <testcase classname="com.mystore.testCases.IndexPageTest" name="verifyLogo" time="4.12"/>
  <testcase classname="com.mystore.testCases.IndexPageTest" name="verifyTitle" time="0.022"/>
  <testcase classname="com.mystore.testCases.LoginPageTest" name="loginTest" time="6.793"/>
  <testcase classname="com.mystore.testCases.HomePageTest" name="verifyOrderHistory" time="7.046"/>
  <testcase classname="com.mystore.testCases.SearchResultTest" name="productAvailabilty" time="8.1"/>
  <testcase classname="com.mystore.testCases.OrderPageTest" name="verifyTotalPrice" time="0.0">
    <ignored/>
  </testcase> <!-- verifyTotalPrice -->
  <testcase classname="com.mystore.testCases.EndToEndTest" name="endToEndTest" time="0.0">
    <ignored/>
  </testcase> <!-- endToEndTest -->
  <testcase classname="com.mystore.testCases.AccountCreationTest" name="createAccount" time="0.0">
    <ignored/>
  </testcase> <!-- createAccount -->
</testsuite> <!-- Test -->
